# JRE version: Java(TM) SE Runtime Environment (8.0_91-b14) (build 1.8.0_91-b14)
# Java VM: Java HotSpot(TM) 64-Bit Server VM (25.91-b14 mixed mode windows-amd64 compressed oops)
Heap:
 PSYoungGen      total 266240K, used 8683K [0x00000000eab00000, 0x00000000fd880000, 0x0000000100000000)
  eden space 228352K, 0% used [0x00000000eab00000,0x00000000eab00000,0x00000000f8a00000)
  from space 37888K, 22% used [0x00000000fb080000,0x00000000fb8fae60,0x00000000fd580000)
  to   space 39424K, 0% used [0x00000000f8a00000,0x00000000f8a00000,0x00000000fb080000)
 ParOldGen       total 400384K, used 108004K [0x00000000c0000000, 0x00000000d8700000, 0x00000000eab00000)
  object space 400384K, 26% used [0x00000000c0000000,0x00000000c69792b0,0x00000000d8700000)
 Metaspace       used 86137K, capacity 94268K, committed 94424K, reserved 1130496K
  class space    used 10384K, capacity 12958K, committed 13056K, reserved 1048576K
GC Heap History (10 events):
Event: 65.321 GC heap after
Heap after GC invocations=8 (full 3):
 PSYoungGen      total 208896K, used 0K [0x00000000eab00000, 0x00000000fb600000, 0x0000000100000000)
  eden space 198144K, 0% used [0x00000000eab00000,0x00000000eab00000,0x00000000f6c80000)
  from space 10752K, 0% used [0x00000000fab00000,0x00000000fab00000,0x00000000fb580000)
  to   space 512K, 0% used [0x00000000fb580000,0x00000000fb580000,0x00000000fb600000)
 ParOldGen       total 400384K, used 75794K [0x00000000c0000000, 0x00000000d8700000, 0x00000000eab00000)
  object space 400384K, 18% used [0x00000000c0000000,0x00000000c4a04bf0,0x00000000d8700000)
 Metaspace       used 53669K, capacity 58836K, committed 59028K, reserved 1099776K
  class space    used 6402K, capacity 8092K, committed 8192K, reserved 1048576K
}
Event: 76.197 GC heap before
{Heap before GC invocations=9 (full 3):
 PSYoungGen      total 208896K, used 198144K [0x00000000eab00000, 0x00000000fb600000, 0x0000000100000000)
  eden space 198144K, 100% used [0x00000000eab00000,0x00000000f6c80000,0x00000000f6c80000)
  from space 10752K, 0% used [0x00000000fab00000,0x00000000fab00000,0x00000000fb580000)
  to   space 512K, 0% used [0x00000000fb580000,0x00000000fb580000,0x00000000fb600000)
 ParOldGen       total 400384K, used 75794K [0x00000000c0000000, 0x00000000d8700000, 0x00000000eab00000)
  object space 400384K, 18% used [0x00000000c0000000,0x00000000c4a04bf0,0x00000000d8700000)
 Metaspace       used 74409K, capacity 81764K, committed 82008K, reserved 1120256K
  class space    used 9006K, capacity 11329K, committed 11392K, reserved 1048576K
Event: 76.296 GC heap after
Heap after GC invocations=9 (full 3):
 PSYoungGen      total 230400K, used 512K [0x00000000eab00000, 0x00000000fd680000, 0x0000000100000000)
  eden space 229888K, 0% used [0x00000000eab00000,0x00000000eab00000,0x00000000f8b80000)
  from space 512K, 100% used [0x00000000fb580000,0x00000000fb600000,0x00000000fb600000)
  to   space 38400K, 0% used [0x00000000f8b80000,0x00000000f8b80000,0x00000000fb100000)
 ParOldGen       total 400384K, used 108721K [0x00000000c0000000, 0x00000000d8700000, 0x00000000eab00000)
  object space 400384K, 27% used [0x00000000c0000000,0x00000000c6a2c7c8,0x00000000d8700000)
 Metaspace       used 74409K, capacity 81764K, committed 82008K, reserved 1120256K
  class space    used 9006K, capacity 11329K, committed 11392K, reserved 1048576K
}
Event: 105.638 GC heap before
{Heap before GC invocations=10 (full 3):
 PSYoungGen      total 230400K, used 75847K [0x00000000eab00000, 0x00000000fd680000, 0x0000000100000000)
  eden space 229888K, 32% used [0x00000000eab00000,0x00000000ef491c48,0x00000000f8b80000)
  from space 512K, 100% used [0x00000000fb580000,0x00000000fb600000,0x00000000fb600000)
  to   space 38400K, 0% used [0x00000000f8b80000,0x00000000f8b80000,0x00000000fb100000)
 ParOldGen       total 400384K, used 108721K [0x00000000c0000000, 0x00000000d8700000, 0x00000000eab00000)
  object space 400384K, 27% used [0x00000000c0000000,0x00000000c6a2c7c8,0x00000000d8700000)
 Metaspace       used 80929K, capacity 88988K, committed 89176K, reserved 1126400K
  class space    used 9837K, capacity 12375K, committed 12416K, reserved 1048576K
Event: 105.706 GC heap after
Heap after GC invocations=10 (full 3):
 PSYoungGen      total 248832K, used 18797K [0x00000000eab00000, 0x00000000fd580000, 0x0000000100000000)
  eden space 229888K, 0% used [0x00000000eab00000,0x00000000eab00000,0x00000000f8b80000)
  from space 18944K, 99% used [0x00000000f8b80000,0x00000000f9ddb778,0x00000000f9e00000)
  to   space 37888K, 0% used [0x00000000fb080000,0x00000000fb080000,0x00000000fd580000)
 ParOldGen       total 400384K, used 108729K [0x00000000c0000000, 0x00000000d8700000, 0x00000000eab00000)
  object space 400384K, 27% used [0x00000000c0000000,0x00000000c6a2e7c8,0x00000000d8700000)
 Metaspace       used 80929K, capacity 88988K, committed 89176K, reserved 1126400K
  class space    used 9837K, capacity 12375K, committed 12416K, reserved 1048576K
}
Event: 105.706 GC heap before
{Heap before GC invocations=11 (full 4):
 PSYoungGen      total 248832K, used 18797K [0x00000000eab00000, 0x00000000fd580000, 0x0000000100000000)
  eden space 229888K, 0% used [0x00000000eab00000,0x00000000eab00000,0x00000000f8b80000)
  from space 18944K, 99% used [0x00000000f8b80000,0x00000000f9ddb778,0x00000000f9e00000)
  to   space 37888K, 0% used [0x00000000fb080000,0x00000000fb080000,0x00000000fd580000)
 ParOldGen       total 400384K, used 108729K [0x00000000c0000000, 0x00000000d8700000, 0x00000000eab00000)
  object space 400384K, 27% used [0x00000000c0000000,0x00000000c6a2e7c8,0x00000000d8700000)
 Metaspace       used 80929K, capacity 88988K, committed 89176K, reserved 1126400K
  class space    used 9837K, capacity 12375K, committed 12416K, reserved 1048576K
Event: 108.207 GC heap after
Heap after GC invocations=11 (full 4):
 PSYoungGen      total 248832K, used 0K [0x00000000eab00000, 0x00000000fd580000, 0x0000000100000000)
  eden space 229888K, 0% used [0x00000000eab00000,0x00000000eab00000,0x00000000f8b80000)
  from space 18944K, 0% used [0x00000000f8b80000,0x00000000f8b80000,0x00000000f9e00000)
  to   space 37888K, 0% used [0x00000000fb080000,0x00000000fb080000,0x00000000fd580000)
 ParOldGen       total 400384K, used 107996K [0x00000000c0000000, 0x00000000d8700000, 0x00000000eab00000)
  object space 400384K, 26% used [0x00000000c0000000,0x00000000c69772b0,0x00000000d8700000)
 Metaspace       used 80929K, capacity 88988K, committed 89176K, reserved 1126400K
  class space    used 9837K, capacity 12375K, committed 12416K, reserved 1048576K
}
Event: 10229.193 GC heap before
{Heap before GC invocations=12 (full 4):
 PSYoungGen      total 248832K, used 68381K [0x00000000eab00000, 0x00000000fd580000, 0x0000000100000000)
  eden space 229888K, 29% used [0x00000000eab00000,0x00000000eedc76e8,0x00000000f8b80000)
  from space 18944K, 0% used [0x00000000f8b80000,0x00000000f8b80000,0x00000000f9e00000)
  to   space 37888K, 0% used [0x00000000fb080000,0x00000000fb080000,0x00000000fd580000)
 ParOldGen       total 400384K, used 107996K [0x00000000c0000000, 0x00000000d8700000, 0x00000000eab00000)
  object space 400384K, 26% used [0x00000000c0000000,0x00000000c69772b0,0x00000000d8700000)
 Metaspace       used 86137K, capacity 94268K, committed 94424K, reserved 1130496K
  class space    used 10384K, capacity 12958K, committed 13056K, reserved 1048576K
Event: 10229.214 GC heap after
Heap after GC invocations=12 (full 4):
 PSYoungGen      total 266240K, used 8683K [0x00000000eab00000, 0x00000000fd880000, 0x0000000100000000)
  eden space 228352K, 0% used [0x00000000eab00000,0x00000000eab00000,0x00000000f8a00000)
  from space 37888K, 22% used [0x00000000fb080000,0x00000000fb8fae60,0x00000000fd580000)
  to   space 39424K, 0% used [0x00000000f8a00000,0x00000000f8a00000,0x00000000fb080000)
 ParOldGen       total 400384K, used 108004K [0x00000000c0000000, 0x00000000d8700000, 0x00000000eab00000)
  object space 400384K, 26% used [0x00000000c0000000,0x00000000c69792b0,0x00000000d8700000)
 Metaspace       used 86137K, capacity 94268K, committed 94424K, reserved 1130496K
  class space    used 10384K, capacity 12958K, committed 13056K, reserved 1048576K
}
Event: 10229.214 GC heap before
{Heap before GC invocations=13 (full 5):
 PSYoungGen      total 266240K, used 8683K [0x00000000eab00000, 0x00000000fd880000, 0x0000000100000000)
  eden space 228352K, 0% used [0x00000000eab00000,0x00000000eab00000,0x00000000f8a00000)
  from space 37888K, 22% used [0x00000000fb080000,0x00000000fb8fae60,0x00000000fd580000)
  to   space 39424K, 0% used [0x00000000f8a00000,0x00000000f8a00000,0x00000000fb080000)
 ParOldGen       total 400384K, used 108004K [0x00000000c0000000, 0x00000000d8700000, 0x00000000eab00000)
  object space 400384K, 26% used [0x00000000c0000000,0x00000000c69792b0,0x00000000d8700000)
 Metaspace       used 86137K, capacity 94268K, committed 94424K, reserved 1130496K
  class space    used 10384K, capacity 12958K, committed 13056K, reserved 1048576K

