# JRE version: Java(TM) SE Runtime Environment (8.0_91-b14) (build 1.8.0_91-b14)
# Java VM: Java HotSpot(TM) 64-Bit Server VM (25.91-b14 mixed mode windows-amd64 compressed oops)
Heap:
 PSYoungGen      total 237056K, used 36964K [0x00000000eab00000, 0x00000000fb100000, 0x0000000100000000)
  eden space 232448K, 14% used [0x00000000eab00000,0x00000000ecaf9120,0x00000000f8e00000)
  from space 4608K, 91% used [0x00000000fac80000,0x00000000fb0a0010,0x00000000fb100000)
  to   space 7680K, 0% used [0x00000000fa200000,0x00000000fa200000,0x00000000fa980000)
 ParOldGen       total 394240K, used 182097K [0x00000000c0000000, 0x00000000d8100000, 0x00000000eab00000)
  object space 394240K, 46% used [0x00000000c0000000,0x00000000cb1d4470,0x00000000d8100000)
 Metaspace       used 167422K, capacity 181864K, committed 182104K, reserved 1208320K
  class space    used 19349K, capacity 23659K, committed 23680K, reserved 1048576K
GC Heap History (10 events):
Event: 1433375.719 GC heap before
{Heap before GC invocations=4152 (full 2028):
 PSYoungGen      total 195072K, used 195059K [0x00000000eab00000, 0x00000000f8a00000, 0x0000000100000000)
  eden space 193024K, 100% used [0x00000000eab00000,0x00000000f6780000,0x00000000f6780000)
  from space 2048K, 99% used [0x00000000f6780000,0x00000000f697ce30,0x00000000f6980000)
  to   space 4608K, 0% used [0x00000000f8580000,0x00000000f8580000,0x00000000f8a00000)
 ParOldGen       total 394240K, used 179642K [0x00000000c0000000, 0x00000000d8100000, 0x00000000eab00000)
  object space 394240K, 45% used [0x00000000c0000000,0x00000000caf6eba8,0x00000000d8100000)
 Metaspace       used 167414K, capacity 181864K, committed 182104K, reserved 1208320K
  class space    used 19348K, capacity 23659K, committed 23680K, reserved 1048576K
Event: 1433375.736 GC heap after
Heap after GC invocations=4152 (full 2028):
 PSYoungGen      total 221184K, used 4160K [0x00000000eab00000, 0x00000000f8a00000, 0x0000000100000000)
  eden space 216576K, 0% used [0x00000000eab00000,0x00000000eab00000,0x00000000f7e80000)
  from space 4608K, 90% used [0x00000000f8580000,0x00000000f8990030,0x00000000f8a00000)
  to   space 5120K, 0% used [0x00000000f8000000,0x00000000f8000000,0x00000000f8500000)
 ParOldGen       total 394240K, used 181153K [0x00000000c0000000, 0x00000000d8100000, 0x00000000eab00000)
  object space 394240K, 45% used [0x00000000c0000000,0x00000000cb0e8440,0x00000000d8100000)
 Metaspace       used 167414K, capacity 181864K, committed 182104K, reserved 1208320K
  class space    used 19348K, capacity 23659K, committed 23680K, reserved 1048576K
}
Event: 1440576.913 GC heap before
{Heap before GC invocations=4153 (full 2028):
 PSYoungGen      total 221184K, used 220736K [0x00000000eab00000, 0x00000000f8a00000, 0x0000000100000000)
  eden space 216576K, 100% used [0x00000000eab00000,0x00000000f7e80000,0x00000000f7e80000)
  from space 4608K, 90% used [0x00000000f8580000,0x00000000f8990030,0x00000000f8a00000)
  to   space 5120K, 0% used [0x00000000f8000000,0x00000000f8000000,0x00000000f8500000)
 ParOldGen       total 394240K, used 181153K [0x00000000c0000000, 0x00000000d8100000, 0x00000000eab00000)
  object space 394240K, 45% used [0x00000000c0000000,0x00000000cb0e8440,0x00000000d8100000)
 Metaspace       used 167417K, capacity 181864K, committed 182104K, reserved 1208320K
  class space    used 19349K, capacity 23659K, committed 23680K, reserved 1048576K
Event: 1440576.932 GC heap after
Heap after GC invocations=4153 (full 2028):
 PSYoungGen      total 223232K, used 3840K [0x00000000eab00000, 0x00000000fa000000, 0x0000000100000000)
  eden space 218112K, 0% used [0x00000000eab00000,0x00000000eab00000,0x00000000f8000000)
  from space 5120K, 75% used [0x00000000f8000000,0x00000000f83c0000,0x00000000f8500000)
  to   space 5632K, 0% used [0x00000000f9a80000,0x00000000f9a80000,0x00000000fa000000)
 ParOldGen       total 394240K, used 182073K [0x00000000c0000000, 0x00000000d8100000, 0x00000000eab00000)
  object space 394240K, 46% used [0x00000000c0000000,0x00000000cb1ce470,0x00000000d8100000)
 Metaspace       used 167417K, capacity 181864K, committed 182104K, reserved 1208320K
  class space    used 19349K, capacity 23659K, committed 23680K, reserved 1048576K
}
Event: 1447778.306 GC heap before
{Heap before GC invocations=4154 (full 2028):
 PSYoungGen      total 223232K, used 221952K [0x00000000eab00000, 0x00000000fa000000, 0x0000000100000000)
  eden space 218112K, 100% used [0x00000000eab00000,0x00000000f8000000,0x00000000f8000000)
  from space 5120K, 75% used [0x00000000f8000000,0x00000000f83c0000,0x00000000f8500000)
  to   space 5632K, 0% used [0x00000000f9a80000,0x00000000f9a80000,0x00000000fa000000)
 ParOldGen       total 394240K, used 182073K [0x00000000c0000000, 0x00000000d8100000, 0x00000000eab00000)
  object space 394240K, 46% used [0x00000000c0000000,0x00000000cb1ce470,0x00000000d8100000)
 Metaspace       used 167418K, capacity 181864K, committed 182104K, reserved 1208320K
  class space    used 19349K, capacity 23659K, committed 23680K, reserved 1048576K
Event: 1447778.321 GC heap after
Heap after GC invocations=4154 (full 2028):
 PSYoungGen      total 243200K, used 4224K [0x00000000eab00000, 0x00000000f9f80000, 0x0000000100000000)
  eden space 238080K, 0% used [0x00000000eab00000,0x00000000eab00000,0x00000000f9380000)
  from space 5120K, 82% used [0x00000000f9a80000,0x00000000f9ea0000,0x00000000f9f80000)
  to   space 6144K, 0% used [0x00000000f9380000,0x00000000f9380000,0x00000000f9980000)
 ParOldGen       total 394240K, used 182097K [0x00000000c0000000, 0x00000000d8100000, 0x00000000eab00000)
  object space 394240K, 46% used [0x00000000c0000000,0x00000000cb1d4470,0x00000000d8100000)
 Metaspace       used 167418K, capacity 181864K, committed 182104K, reserved 1208320K
  class space    used 19349K, capacity 23659K, committed 23680K, reserved 1048576K
}
Event: 1455579.725 GC heap before
{Heap before GC invocations=4155 (full 2028):
 PSYoungGen      total 243200K, used 242304K [0x00000000eab00000, 0x00000000f9f80000, 0x0000000100000000)
  eden space 238080K, 100% used [0x00000000eab00000,0x00000000f9380000,0x00000000f9380000)
  from space 5120K, 82% used [0x00000000f9a80000,0x00000000f9ea0000,0x00000000f9f80000)
  to   space 6144K, 0% used [0x00000000f9380000,0x00000000f9380000,0x00000000f9980000)
 ParOldGen       total 394240K, used 182097K [0x00000000c0000000, 0x00000000d8100000, 0x00000000eab00000)
  object space 394240K, 46% used [0x00000000c0000000,0x00000000cb1d4470,0x00000000d8100000)
 Metaspace       used 167418K, capacity 181864K, committed 182104K, reserved 1208320K
  class space    used 19349K, capacity 23659K, committed 23680K, reserved 1048576K
Event: 1455579.743 GC heap after
Heap after GC invocations=4155 (full 2028):
 PSYoungGen      total 244224K, used 5472K [0x00000000eab00000, 0x00000000fb380000, 0x0000000100000000)
  eden space 238080K, 0% used [0x00000000eab00000,0x00000000eab00000,0x00000000f9380000)
  from space 6144K, 89% used [0x00000000f9380000,0x00000000f98d8040,0x00000000f9980000)
  to   space 7168K, 0% used [0x00000000fac80000,0x00000000fac80000,0x00000000fb380000)
 ParOldGen       total 394240K, used 182097K [0x00000000c0000000, 0x00000000d8100000, 0x00000000eab00000)
  object space 394240K, 46% used [0x00000000c0000000,0x00000000cb1d4470,0x00000000d8100000)
 Metaspace       used 167418K, capacity 181864K, committed 182104K, reserved 1208320K
  class space    used 19349K, capacity 23659K, committed 23680K, reserved 1048576K
}
Event: 1485987.519 GC heap before
{Heap before GC invocations=4156 (full 2028):
 PSYoungGen      total 244224K, used 243552K [0x00000000eab00000, 0x00000000fb380000, 0x0000000100000000)
  eden space 238080K, 100% used [0x00000000eab00000,0x00000000f9380000,0x00000000f9380000)
  from space 6144K, 89% used [0x00000000f9380000,0x00000000f98d8040,0x00000000f9980000)
  to   space 7168K, 0% used [0x00000000fac80000,0x00000000fac80000,0x00000000fb380000)
 ParOldGen       total 394240K, used 182097K [0x00000000c0000000, 0x00000000d8100000, 0x00000000eab00000)
  object space 394240K, 46% used [0x00000000c0000000,0x00000000cb1d4470,0x00000000d8100000)
 Metaspace       used 167420K, capacity 181864K, committed 182104K, reserved 1208320K
  class space    used 19349K, capacity 23659K, committed 23680K, reserved 1048576K
Event: 1485987.534 GC heap after
Heap after GC invocations=4156 (full 2028):
 PSYoungGen      total 237056K, used 4224K [0x00000000eab00000, 0x00000000fb100000, 0x0000000100000000)
  eden space 232448K, 0% used [0x00000000eab00000,0x00000000eab00000,0x00000000f8e00000)
  from space 4608K, 91% used [0x00000000fac80000,0x00000000fb0a0010,0x00000000fb100000)
  to   space 7680K, 0% used [0x00000000fa200000,0x00000000fa200000,0x00000000fa980000)
 ParOldGen       total 394240K, used 182097K [0x00000000c0000000, 0x00000000d8100000, 0x00000000eab00000)
  object space 394240K, 46% used [0x00000000c0000000,0x00000000cb1d4470,0x00000000d8100000)
 Metaspace       used 167420K, capacity 181864K, committed 182104K, reserved 1208320K
  class space    used 19349K, capacity 23659K, committed 23680K, reserved 1048576K
}

