# JRE version: Java(TM) SE Runtime Environment (8.0_91-b14) (build 1.8.0_91-b14)
# Java VM: Java HotSpot(TM) 64-Bit Server VM (25.91-b14 mixed mode windows-amd64 compressed oops)
Heap:
 PSYoungGen      total 297472K, used 1403K [0x00000000eab00000, 0x0000000100000000, 0x0000000100000000)
  eden space 251904K, 0% used [0x00000000eab00000,0x00000000eab00000,0x00000000fa100000)
  from space 45568K, 3% used [0x00000000fd100000,0x00000000fd25ef08,0x00000000ffd80000)
  to   space 48640K, 0% used [0x00000000fa100000,0x00000000fa100000,0x00000000fd080000)
 ParOldGen       total 475136K, used 105404K [0x00000000c0000000, 0x00000000dd000000, 0x00000000eab00000)
  object space 475136K, 22% used [0x00000000c0000000,0x00000000c66ef2c8,0x00000000dd000000)
 Metaspace       used 111210K, capacity 122349K, committed 122496K, reserved 1155072K
  class space    used 14033K, capacity 17501K, committed 17536K, reserved 1048576K
GC Heap History (10 events):
Event: 106.604 GC heap after
Heap after GC invocations=11 (full 4):
 PSYoungGen      total 272896K, used 0K [0x00000000eab00000, 0x0000000100000000, 0x0000000100000000)
  eden space 224768K, 0% used [0x00000000eab00000,0x00000000eab00000,0x00000000f8680000)
  from space 48128K, 0% used [0x00000000f8680000,0x00000000f8680000,0x00000000fb580000)
  to   space 45568K, 0% used [0x00000000fd380000,0x00000000fd380000,0x0000000100000000)
 ParOldGen       total 475136K, used 89995K [0x00000000c0000000, 0x00000000dd000000, 0x00000000eab00000)
  object space 475136K, 18% used [0x00000000c0000000,0x00000000c57e2fa0,0x00000000dd000000)
 Metaspace       used 88378K, capacity 98223K, committed 98348K, reserved 1134592K
  class space    used 11177K, capacity 14207K, committed 14208K, reserved 1048576K
}
Event: 111.787 GC heap before
{Heap before GC invocations=12 (full 4):
 PSYoungGen      total 272896K, used 224768K [0x00000000eab00000, 0x0000000100000000, 0x0000000100000000)
  eden space 224768K, 100% used [0x00000000eab00000,0x00000000f8680000,0x00000000f8680000)
  from space 48128K, 0% used [0x00000000f8680000,0x00000000f8680000,0x00000000fb580000)
  to   space 45568K, 0% used [0x00000000fd380000,0x00000000fd380000,0x0000000100000000)
 ParOldGen       total 475136K, used 89995K [0x00000000c0000000, 0x00000000dd000000, 0x00000000eab00000)
  object space 475136K, 18% used [0x00000000c0000000,0x00000000c57e2fa0,0x00000000dd000000)
 Metaspace       used 108912K, capacity 119811K, committed 119936K, reserved 1153024K
  class space    used 13830K, capacity 17189K, committed 17280K, reserved 1048576K
Event: 111.837 GC heap after
Heap after GC invocations=12 (full 4):
 PSYoungGen      total 300544K, used 34296K [0x00000000eab00000, 0x00000000fff80000, 0x0000000100000000)
  eden space 255488K, 0% used [0x00000000eab00000,0x00000000eab00000,0x00000000fa480000)
  from space 45056K, 76% used [0x00000000fd380000,0x00000000ff4fe2a8,0x00000000fff80000)
  to   space 46592K, 0% used [0x00000000fa480000,0x00000000fa480000,0x00000000fd200000)
 ParOldGen       total 475136K, used 90003K [0x00000000c0000000, 0x00000000dd000000, 0x00000000eab00000)
  object space 475136K, 18% used [0x00000000c0000000,0x00000000c57e4fa0,0x00000000dd000000)
 Metaspace       used 108912K, capacity 119811K, committed 119936K, reserved 1153024K
  class space    used 13830K, capacity 17189K, committed 17280K, reserved 1048576K
}
Event: 113.160 GC heap before
{Heap before GC invocations=13 (full 4):
 PSYoungGen      total 300544K, used 288082K [0x00000000eab00000, 0x00000000fff80000, 0x0000000100000000)
  eden space 255488K, 99% used [0x00000000eab00000,0x00000000fa2d6620,0x00000000fa480000)
  from space 45056K, 76% used [0x00000000fd380000,0x00000000ff4fe2a8,0x00000000fff80000)
  to   space 46592K, 0% used [0x00000000fa480000,0x00000000fa480000,0x00000000fd200000)
 ParOldGen       total 475136K, used 90003K [0x00000000c0000000, 0x00000000dd000000, 0x00000000eab00000)
  object space 475136K, 18% used [0x00000000c0000000,0x00000000c57e4fa0,0x00000000dd000000)
 Metaspace       used 110582K, capacity 121701K, committed 121984K, reserved 1153024K
  class space    used 13978K, capacity 17425K, committed 17536K, reserved 1048576K
Event: 113.186 GC heap after
Heap after GC invocations=13 (full 4):
 PSYoungGen      total 277504K, used 21615K [0x00000000eab00000, 0x00000000ffd80000, 0x0000000100000000)
  eden space 255488K, 0% used [0x00000000eab00000,0x00000000eab00000,0x00000000fa480000)
  from space 22016K, 98% used [0x00000000fa480000,0x00000000fb99bee0,0x00000000fba00000)
  to   space 45568K, 0% used [0x00000000fd100000,0x00000000fd100000,0x00000000ffd80000)
 ParOldGen       total 475136K, used 90011K [0x00000000c0000000, 0x00000000dd000000, 0x00000000eab00000)
  object space 475136K, 18% used [0x00000000c0000000,0x00000000c57e6fa0,0x00000000dd000000)
 Metaspace       used 110582K, capacity 121701K, committed 121984K, reserved 1153024K
  class space    used 13978K, capacity 17425K, committed 17536K, reserved 1048576K
}
Event: 113.186 GC heap before
{Heap before GC invocations=14 (full 5):
 PSYoungGen      total 277504K, used 21615K [0x00000000eab00000, 0x00000000ffd80000, 0x0000000100000000)
  eden space 255488K, 0% used [0x00000000eab00000,0x00000000eab00000,0x00000000fa480000)
  from space 22016K, 98% used [0x00000000fa480000,0x00000000fb99bee0,0x00000000fba00000)
  to   space 45568K, 0% used [0x00000000fd100000,0x00000000fd100000,0x00000000ffd80000)
 ParOldGen       total 475136K, used 90011K [0x00000000c0000000, 0x00000000dd000000, 0x00000000eab00000)
  object space 475136K, 18% used [0x00000000c0000000,0x00000000c57e6fa0,0x00000000dd000000)
 Metaspace       used 110582K, capacity 121701K, committed 121984K, reserved 1153024K
  class space    used 13978K, capacity 17425K, committed 17536K, reserved 1048576K
Event: 113.918 GC heap after
Heap after GC invocations=14 (full 5):
 PSYoungGen      total 277504K, used 0K [0x00000000eab00000, 0x00000000ffd80000, 0x0000000100000000)
  eden space 255488K, 0% used [0x00000000eab00000,0x00000000eab00000,0x00000000fa480000)
  from space 22016K, 0% used [0x00000000fa480000,0x00000000fa480000,0x00000000fba00000)
  to   space 45568K, 0% used [0x00000000fd100000,0x00000000fd100000,0x00000000ffd80000)
 ParOldGen       total 475136K, used 105396K [0x00000000c0000000, 0x00000000dd000000, 0x00000000eab00000)
  object space 475136K, 22% used [0x00000000c0000000,0x00000000c66ed2c8,0x00000000dd000000)
 Metaspace       used 110582K, capacity 121701K, committed 121984K, reserved 1153024K
  class space    used 13978K, capacity 17425K, committed 17536K, reserved 1048576K
}
Event: 173.190 GC heap before
{Heap before GC invocations=15 (full 5):
 PSYoungGen      total 277504K, used 185378K [0x00000000eab00000, 0x00000000ffd80000, 0x0000000100000000)
  eden space 255488K, 72% used [0x00000000eab00000,0x00000000f60089c8,0x00000000fa480000)
  from space 22016K, 0% used [0x00000000fa480000,0x00000000fa480000,0x00000000fba00000)
  to   space 45568K, 0% used [0x00000000fd100000,0x00000000fd100000,0x00000000ffd80000)
 ParOldGen       total 475136K, used 105396K [0x00000000c0000000, 0x00000000dd000000, 0x00000000eab00000)
  object space 475136K, 22% used [0x00000000c0000000,0x00000000c66ed2c8,0x00000000dd000000)
 Metaspace       used 111210K, capacity 122349K, committed 122496K, reserved 1155072K
  class space    used 14033K, capacity 17501K, committed 17536K, reserved 1048576K
Event: 173.203 GC heap after
Heap after GC invocations=15 (full 5):
 PSYoungGen      total 297472K, used 1403K [0x00000000eab00000, 0x0000000100000000, 0x0000000100000000)
  eden space 251904K, 0% used [0x00000000eab00000,0x00000000eab00000,0x00000000fa100000)
  from space 45568K, 3% used [0x00000000fd100000,0x00000000fd25ef08,0x00000000ffd80000)
  to   space 48640K, 0% used [0x00000000fa100000,0x00000000fa100000,0x00000000fd080000)
 ParOldGen       total 475136K, used 105404K [0x00000000c0000000, 0x00000000dd000000, 0x00000000eab00000)
  object space 475136K, 22% used [0x00000000c0000000,0x00000000c66ef2c8,0x00000000dd000000)
 Metaspace       used 111210K, capacity 122349K, committed 122496K, reserved 1155072K
  class space    used 14033K, capacity 17501K, committed 17536K, reserved 1048576K
}
Event: 173.203 GC heap before
{Heap before GC invocations=16 (full 6):
 PSYoungGen      total 297472K, used 1403K [0x00000000eab00000, 0x0000000100000000, 0x0000000100000000)
  eden space 251904K, 0% used [0x00000000eab00000,0x00000000eab00000,0x00000000fa100000)
  from space 45568K, 3% used [0x00000000fd100000,0x00000000fd25ef08,0x00000000ffd80000)
  to   space 48640K, 0% used [0x00000000fa100000,0x00000000fa100000,0x00000000fd080000)
 ParOldGen       total 475136K, used 105404K [0x00000000c0000000, 0x00000000dd000000, 0x00000000eab00000)
  object space 475136K, 22% used [0x00000000c0000000,0x00000000c66ef2c8,0x00000000dd000000)
 Metaspace       used 111210K, capacity 122349K, committed 122496K, reserved 1155072K
  class space    used 14033K, capacity 17501K, committed 17536K, reserved 1048576K

